TN:
SF:/Users/Haoyuan/Documents/2nd_Semester/Comp531 Web Dev/assignment5/src/actions.js
FN:0,_interopRequireDefault
FN:6,resource
FN:18,(anonymous_3)
FNF:3
FNH:1
FNDA:2,_interopRequireDefault
FNDA:0,resource
FNDA:0,(anonymous_3)
DA:0,2
DA:1,1
DA:2,1
DA:4,1
DA:6,1
DA:7,0
DA:14,0
DA:17,0
DA:19,0
DA:20,0
DA:24,0
DA:29,1
DA:34,1
DA:39,1
DA:43,1
LF:15
LH:9
BRDA:0,1,0,0
BRDA:0,1,1,2
BRDA:0,2,0,2
BRDA:0,2,1,2
BRDA:14,3,0,0
BRDA:14,3,1,0
BRDA:19,4,0,0
BRDA:19,4,1,0
BRDA:20,5,0,0
BRDA:20,5,1,0
BRF:10
BRH:4
end_of_record
TN:
SF:/Users/Haoyuan/Documents/2nd_Semester/Comp531 Web Dev/assignment5/src/actions.spec.js
FN:0,_interopRequireDefault
FN:5,(anonymous_2)
FN:9,(anonymous_3)
FN:23,(anonymous_4)
FN:30,(anonymous_5)
FN:37,(anonymous_6)
FN:43,(anonymous_7)
FN:44,(anonymous_8)
FN:50,(anonymous_9)
FN:61,(anonymous_10)
FN:67,(anonymous_11)
FN:73,(anonymous_12)
FN:79,(anonymous_13)
FNF:13
FNH:10
FNDA:2,_interopRequireDefault
FNDA:1,(anonymous_2)
FNDA:6,(anonymous_3)
FNDA:6,(anonymous_4)
FNDA:1,(anonymous_5)
FNDA:0,(anonymous_6)
FNDA:1,(anonymous_7)
FNDA:0,(anonymous_8)
FNDA:1,(anonymous_9)
FNDA:0,(anonymous_10)
FNDA:1,(anonymous_11)
FNDA:1,(anonymous_12)
FNDA:1,(anonymous_13)
DA:0,2
DA:1,1
DA:2,1
DA:3,1
DA:5,1
DA:7,1
DA:9,1
DA:10,6
DA:11,0
DA:12,0
DA:13,0
DA:14,0
DA:15,0
DA:16,0
DA:17,0
DA:18,0
DA:19,0
DA:23,1
DA:24,6
DA:25,0
DA:26,0
DA:30,1
DA:31,1
DA:37,1
DA:38,0
DA:43,1
DA:44,1
DA:45,0
DA:50,1
DA:51,1
DA:52,1
DA:54,1
DA:60,1
DA:62,0
DA:67,1
DA:68,1
DA:69,0
DA:73,1
DA:74,1
DA:75,0
DA:79,1
DA:80,1
DA:81,0
LF:43
LH:26
BRDA:0,1,0,0
BRDA:0,1,1,2
BRDA:0,2,0,2
BRDA:0,2,1,2
BRDA:10,3,0,0
BRDA:10,3,1,6
BRDA:24,4,0,0
BRDA:24,4,1,6
BRF:8
BRH:6
end_of_record
TN:
SF:/Users/Haoyuan/Documents/2nd_Semester/Comp531 Web Dev/assignment5/src/components/app.js
FN:0,_interopRequireDefault
FN:12,App
FN:27,(anonymous_3)
FN:32,(anonymous_4)
FNF:4
FNH:1
FNDA:4,_interopRequireDefault
FNDA:0,App
FNDA:0,(anonymous_3)
FNDA:0,(anonymous_4)
DA:0,4
DA:1,1
DA:2,1
DA:4,1
DA:5,1
DA:6,1
DA:8,1
DA:9,1
DA:10,1
DA:12,1
DA:14,0
DA:15,0
DA:16,0
DA:18,0
DA:22,1
DA:26,1
DA:28,0
DA:33,0
LF:18
LH:12
BRDA:0,1,0,3
BRDA:0,1,1,1
BRDA:0,2,0,4
BRDA:0,2,1,4
BRDA:15,3,0,0
BRDA:15,3,1,0
BRDA:15,3,2,0
BRDA:15,3,3,0
BRF:8
BRH:5
end_of_record
TN:
SF:/Users/Haoyuan/Documents/2nd_Semester/Comp531 Web Dev/assignment5/src/components/main/main.js
FN:0,_interopRequireDefault
FN:8,Main
FN:30,(anonymous_3)
FN:34,(anonymous_4)
FNF:4
FNH:1
FNDA:5,_interopRequireDefault
FNDA:0,Main
FNDA:0,(anonymous_3)
FNDA:0,(anonymous_4)
DA:0,5
DA:1,1
DA:2,1
DA:3,1
DA:4,1
DA:5,1
DA:6,1
DA:8,1
DA:10,0
DA:29,1
DA:31,0
DA:35,0
LF:12
LH:9
BRDA:0,1,0,4
BRDA:0,1,1,1
BRDA:0,2,0,5
BRDA:0,2,1,5
BRF:4
BRH:4
end_of_record
TN:
SF:/Users/Haoyuan/Documents/2nd_Semester/Comp531 Web Dev/assignment5/src/components/main/nav.js
FN:0,_interopRequireDefault
FN:4,Nav
FN:14,onClick
FN:16,onClick
FN:18,onClick
FN:31,(anonymous_6)
FN:36,(anonymous_7)
FN:38,editProfile
FN:39,logout
FN:40,toMain
FNF:10
FNH:1
FNDA:1,_interopRequireDefault
FNDA:0,Nav
FNDA:0,onClick
FNDA:0,onClick
FNDA:0,onClick
FNDA:0,(anonymous_6)
FNDA:0,(anonymous_7)
FNDA:0,editProfile
FNDA:0,logout
FNDA:0,toMain
DA:0,1
DA:1,1
DA:2,1
DA:4,1
DA:6,0
DA:14,0
DA:16,0
DA:18,0
DA:25,1
DA:30,1
DA:32,0
DA:37,0
DA:38,0
DA:39,0
DA:40,0
LF:15
LH:6
BRDA:0,1,0,0
BRDA:0,1,1,1
BRDA:0,2,0,1
BRDA:0,2,1,1
BRDA:14,3,0,0
BRDA:14,3,1,0
BRF:6
BRH:4
end_of_record
TN:
SF:/Users/Haoyuan/Documents/2nd_Semester/Comp531 Web Dev/assignment5/src/components/main/headline.js
FN:0,_interopRequireDefault
FN:9,Headline
FN:24,ref
FN:27,onClick
FN:34,updateStatus
FN:37,(anonymous_6)
FN:45,(anonymous_7)
FNF:7
FNH:1
FNDA:1,_interopRequireDefault
FNDA:0,Headline
FNDA:0,ref
FNDA:0,onClick
FNDA:0,updateStatus
FNDA:0,(anonymous_6)
FNDA:0,(anonymous_7)
DA:0,1
DA:1,1
DA:2,1
DA:3,1
DA:5,1
DA:9,1
DA:11,0
DA:24,0
DA:27,0
DA:34,1
DA:35,0
DA:36,0
DA:38,0
DA:40,0
DA:44,1
DA:46,0
LF:16
LH:8
BRDA:0,1,0,0
BRDA:0,1,1,1
BRDA:0,2,0,1
BRDA:0,2,1,1
BRDA:35,3,0,0
BRDA:35,3,1,0
BRF:6
BRH:4
end_of_record
TN:
SF:/Users/Haoyuan/Documents/2nd_Semester/Comp531 Web Dev/assignment5/src/components/main/following.js
FN:0,_interopRequireDefault
FN:8,SingleUser
FN:20,onClick
FN:26,Following
FN:35,onClick
FN:39,(anonymous_6)
FN:51,add
FN:59,remove
FN:64,(anonymous_9)
FNF:9
FNH:1
FNDA:1,_interopRequireDefault
FNDA:0,SingleUser
FNDA:0,onClick
FNDA:0,Following
FNDA:0,onClick
FNDA:0,(anonymous_6)
FNDA:0,add
FNDA:0,remove
FNDA:0,(anonymous_9)
DA:0,1
DA:1,1
DA:2,1
DA:3,1
DA:4,1
DA:6,1
DA:8,1
DA:11,0
DA:20,0
DA:26,1
DA:28,0
DA:35,0
DA:41,0
DA:51,1
DA:52,0
DA:53,0
DA:54,0
DA:55,0
DA:59,1
DA:60,0
DA:63,1
DA:65,0
LF:22
LH:11
BRDA:0,1,0,0
BRDA:0,1,1,1
BRDA:0,2,0,1
BRDA:0,2,1,1
BRDA:53,3,0,0
BRDA:53,3,1,0
BRF:6
BRH:4
end_of_record
TN:
SF:/Users/Haoyuan/Documents/2nd_Semester/Comp531 Web Dev/assignment5/src/components/main/followingActions.js
FN:4,initFollowing
FN:5,(anonymous_2)
FN:8,(anonymous_3)
FN:9,(anonymous_4)
FN:13,(anonymous_5)
FN:17,addFollowing
FN:18,(anonymous_7)
FN:20,(anonymous_8)
FN:27,removeFollowing
FN:28,(anonymous_10)
FN:30,(anonymous_11)
FN:37,displayFollowing
FN:38,(anonymous_13)
FN:43,(anonymous_14)
FN:45,(anonymous_15)
FN:46,(anonymous_16)
FNF:16
FNH:0
FNDA:0,initFollowing
FNDA:0,(anonymous_2)
FNDA:0,(anonymous_3)
FNDA:0,(anonymous_4)
FNDA:0,(anonymous_5)
FNDA:0,addFollowing
FNDA:0,(anonymous_7)
FNDA:0,(anonymous_8)
FNDA:0,removeFollowing
FNDA:0,(anonymous_10)
FNDA:0,(anonymous_11)
FNDA:0,displayFollowing
FNDA:0,(anonymous_13)
FNDA:0,(anonymous_14)
FNDA:0,(anonymous_15)
FNDA:0,(anonymous_16)
DA:0,1
DA:1,1
DA:2,1
DA:4,1
DA:5,0
DA:6,0
DA:7,0
DA:9,0
DA:10,0
DA:13,0
DA:17,1
DA:18,0
DA:19,0
DA:21,0
DA:22,0
DA:27,1
DA:28,0
DA:29,0
DA:31,0
DA:32,0
DA:37,1
DA:38,0
DA:39,0
DA:42,0
DA:43,0
DA:44,0
DA:45,0
DA:46,0
DA:47,0
LF:29
LH:7
BRF:0
BRH:0
end_of_record
TN:
SF:/Users/Haoyuan/Documents/2nd_Semester/Comp531 Web Dev/assignment5/src/components/article/articleActions.js
FN:3,initArticles
FN:4,(anonymous_2)
FN:7,(anonymous_3)
FN:8,(anonymous_4)
FN:12,addNewArticle
FN:13,(anonymous_6)
FN:16,(anonymous_7)
FN:19,(anonymous_8)
FNF:8
FNH:0
FNDA:0,initArticles
FNDA:0,(anonymous_2)
FNDA:0,(anonymous_3)
FNDA:0,(anonymous_4)
FNDA:0,addNewArticle
FNDA:0,(anonymous_6)
FNDA:0,(anonymous_7)
FNDA:0,(anonymous_8)
DA:0,1
DA:1,1
DA:3,1
DA:4,0
DA:5,0
DA:6,0
DA:7,0
DA:8,0
DA:12,1
DA:13,0
DA:14,0
DA:15,0
DA:17,0
DA:19,0
LF:14
LH:4
BRF:0
BRH:0
end_of_record
TN:
SF:/Users/Haoyuan/Documents/2nd_Semester/Comp531 Web Dev/assignment5/src/components/article/Article.js
FN:0,_interopRequireDefault
FN:6,Article
FNF:2
FNH:1
FNDA:3,_interopRequireDefault
FNDA:0,Article
DA:0,3
DA:1,1
DA:2,1
DA:3,1
DA:6,1
DA:8,0
DA:16,1
LF:7
LH:6
BRDA:0,1,0,2
BRDA:0,1,1,1
BRDA:0,2,0,3
BRDA:0,2,1,3
BRF:4
BRH:4
end_of_record
TN:
SF:/Users/Haoyuan/Documents/2nd_Semester/Comp531 Web Dev/assignment5/src/components/article/newArticle.js
FN:0,_interopRequireDefault
FN:5,NewArticle
FN:18,onClick
FN:21,onClick
FNF:4
FNH:1
FNDA:1,_interopRequireDefault
FNDA:0,NewArticle
FNDA:0,onClick
FNDA:0,onClick
DA:0,1
DA:1,1
DA:2,1
DA:3,1
DA:5,1
DA:7,0
DA:19,0
DA:22,0
DA:33,1
LF:9
LH:6
BRDA:0,1,0,0
BRDA:0,1,1,1
BRDA:0,2,0,1
BRDA:0,2,1,1
BRF:4
BRH:4
end_of_record
TN:
SF:/Users/Haoyuan/Documents/2nd_Semester/Comp531 Web Dev/assignment5/src/components/article/articlesView.js
FN:0,_interopRequireDefault
FN:8,Card
FN:41,(anonymous_3)
FN:58,ArticlesView
FN:64,onChange
FN:69,(anonymous_6)
FN:78,search
FN:88,(anonymous_8)
FN:93,(anonymous_9)
FN:95,resumeArticles
FN:96,filterArticles
FNF:11
FNH:3
FNDA:1,_interopRequireDefault
FNDA:0,Card
FNDA:0,(anonymous_3)
FNDA:1,ArticlesView
FNDA:0,onChange
FNDA:1,(anonymous_6)
FNDA:0,search
FNDA:0,(anonymous_8)
FNDA:0,(anonymous_9)
FNDA:0,resumeArticles
FNDA:0,filterArticles
DA:0,1
DA:1,1
DA:2,1
DA:4,1
DA:5,1
DA:6,1
DA:8,1
DA:9,0
DA:43,0
DA:58,1
DA:59,1
DA:64,0
DA:71,1
DA:78,1
DA:79,0
DA:80,0
DA:83,0
DA:87,1
DA:89,0
DA:94,0
DA:95,0
DA:96,0
LF:22
LH:12
BRDA:0,1,0,0
BRDA:0,1,1,1
BRDA:0,2,0,1
BRDA:0,2,1,1
BRDA:13,3,0,0
BRDA:13,3,1,0
BRDA:20,4,0,0
BRDA:20,4,1,0
BRDA:19,5,0,0
BRDA:19,5,1,0
BRDA:37,6,0,0
BRDA:37,6,1,0
BRDA:80,7,0,0
BRDA:80,7,1,0
BRF:14
BRH:4
end_of_record
TN:
SF:/Users/Haoyuan/Documents/2nd_Semester/Comp531 Web Dev/assignment5/src/components/auth/landing.js
FN:0,_interopRequireDefault
FN:6,Landing
FNF:2
FNH:1
FNDA:3,_interopRequireDefault
FNDA:0,Landing
DA:0,3
DA:1,1
DA:3,1
DA:4,1
DA:6,1
DA:9,0
DA:34,1
LF:7
LH:6
BRDA:0,1,0,2
BRDA:0,1,1,1
BRDA:0,2,0,3
BRDA:0,2,1,3
BRF:4
BRH:4
end_of_record
TN:
SF:/Users/Haoyuan/Documents/2nd_Semester/Comp531 Web Dev/assignment5/src/components/auth/register.js
FN:0,_interopRequireDefault
FN:17,Register
FN:21,onSubmit
FN:36,ref
FN:45,ref
FN:54,ref
FN:63,ref
FN:71,ref
FN:80,ref
FN:89,ref
FN:98,ref
FN:117,validate
FN:137,(anonymous_13)
FN:142,(anonymous_14)
FN:144,setInfo
FNF:15
FNH:1
FNDA:1,_interopRequireDefault
FNDA:0,Register
FNDA:0,onSubmit
FNDA:0,ref
FNDA:0,ref
FNDA:0,ref
FNDA:0,ref
FNDA:0,ref
FNDA:0,ref
FNDA:0,ref
FNDA:0,ref
FNDA:0,validate
FNDA:0,(anonymous_13)
FNDA:0,(anonymous_14)
FNDA:0,setInfo
DA:0,1
DA:1,1
DA:2,1
DA:4,1
DA:6,1
DA:17,1
DA:20,0
DA:22,0
DA:23,0
DA:36,0
DA:45,0
DA:54,0
DA:63,0
DA:71,0
DA:80,0
DA:89,0
DA:98,0
DA:111,1
DA:117,1
DA:119,0
DA:120,0
DA:123,0
DA:124,0
DA:127,0
DA:136,1
DA:138,0
DA:143,0
DA:144,0
LF:28
LH:9
BRDA:0,1,0,0
BRDA:0,1,1,1
BRDA:0,2,0,1
BRDA:0,2,1,1
BRDA:119,3,0,0
BRDA:119,3,1,0
BRDA:123,4,0,0
BRDA:123,4,1,0
BRF:8
BRH:4
end_of_record
TN:
SF:/Users/Haoyuan/Documents/2nd_Semester/Comp531 Web Dev/assignment5/src/components/auth/authActions.js
FN:6,init
FN:7,(anonymous_2)
FN:9,(anonymous_3)
FN:19,login
FN:20,(anonymous_5)
FN:22,(anonymous_6)
FN:27,(anonymous_7)
FN:33,logout
FN:34,(anonymous_9)
FN:36,(anonymous_10)
FN:39,(anonymous_11)
FN:45,register
FN:46,(anonymous_13)
FN:51,(anonymous_14)
FNF:14
FNH:0
FNDA:0,init
FNDA:0,(anonymous_2)
FNDA:0,(anonymous_3)
FNDA:0,login
FNDA:0,(anonymous_5)
FNDA:0,(anonymous_6)
FNDA:0,(anonymous_7)
FNDA:0,logout
FNDA:0,(anonymous_9)
FNDA:0,(anonymous_10)
FNDA:0,(anonymous_11)
FNDA:0,register
FNDA:0,(anonymous_13)
FNDA:0,(anonymous_14)
DA:0,1
DA:1,1
DA:2,1
DA:3,1
DA:4,1
DA:6,1
DA:7,0
DA:8,0
DA:10,0
DA:12,0
DA:13,0
DA:14,0
DA:19,1
DA:20,0
DA:21,0
DA:23,0
DA:24,0
DA:28,0
DA:33,1
DA:34,0
DA:35,0
DA:37,0
DA:40,0
DA:45,1
DA:46,0
DA:47,0
DA:48,0
DA:52,0
DA:53,0
LF:29
LH:9
BRF:0
BRH:0
end_of_record
TN:
SF:/Users/Haoyuan/Documents/2nd_Semester/Comp531 Web Dev/assignment5/src/components/profile/profileActions.js
FN:3,initProfile
FN:4,(anonymous_2)
FN:9,(anonymous_3)
FN:11,(anonymous_4)
FN:13,(anonymous_5)
FN:15,(anonymous_6)
FN:16,(anonymous_7)
FN:22,updateProfile
FN:23,(anonymous_9)
FN:27,(anonymous_10)
FNF:10
FNH:0
FNDA:0,initProfile
FNDA:0,(anonymous_2)
FNDA:0,(anonymous_3)
FNDA:0,(anonymous_4)
FNDA:0,(anonymous_5)
FNDA:0,(anonymous_6)
FNDA:0,(anonymous_7)
FNDA:0,updateProfile
FNDA:0,(anonymous_9)
FNDA:0,(anonymous_10)
DA:0,1
DA:1,1
DA:3,1
DA:4,0
DA:5,0
DA:8,0
DA:9,0
DA:10,0
DA:11,0
DA:12,0
DA:13,0
DA:14,0
DA:15,0
DA:16,0
DA:17,0
DA:22,1
DA:23,0
DA:24,0
DA:25,0
DA:26,0
DA:27,0
DA:28,0
LF:22
LH:4
BRF:0
BRH:0
end_of_record
TN:
SF:/Users/Haoyuan/Documents/2nd_Semester/Comp531 Web Dev/assignment5/src/components/auth/login.js
FN:0,_interopRequireDefault
FN:8,Login
FN:23,ref
FN:31,ref
FN:36,onClick
FN:53,validate
FN:66,(anonymous_7)
FNF:7
FNH:1
FNDA:1,_interopRequireDefault
FNDA:0,Login
FNDA:0,ref
FNDA:0,ref
FNDA:0,onClick
FNDA:0,validate
FNDA:0,(anonymous_7)
DA:0,1
DA:1,1
DA:2,1
DA:4,1
DA:6,1
DA:8,1
DA:10,0
DA:23,0
DA:31,0
DA:37,0
DA:38,0
DA:47,1
DA:53,1
DA:55,0
DA:56,0
DA:59,0
DA:61,0
DA:62,0
DA:65,1
DA:67,0
LF:20
LH:9
BRDA:0,1,0,0
BRDA:0,1,1,1
BRDA:0,2,0,1
BRDA:0,2,1,1
BRDA:55,3,0,0
BRDA:55,3,1,0
BRDA:55,4,0,0
BRDA:55,4,1,0
BRF:8
BRH:4
end_of_record
TN:
SF:/Users/Haoyuan/Documents/2nd_Semester/Comp531 Web Dev/assignment5/src/components/profile/profile.js
FN:0,_interopRequireDefault
FN:26,CurrentInfo
FN:32,(anonymous_3)
FN:47,UpdateInfo
FN:51,onSubmit
FN:67,ref
FN:76,ref
FN:85,ref
FN:94,ref
FN:103,ref
FN:112,ref
FN:123,validate
FN:135,Profile
FN:170,(anonymous_14)
FN:176,(anonymous_15)
FN:178,setInfo
FNF:16
FNH:1
FNDA:2,_interopRequireDefault
FNDA:0,CurrentInfo
FNDA:0,(anonymous_3)
FNDA:0,UpdateInfo
FNDA:0,onSubmit
FNDA:0,ref
FNDA:0,ref
FNDA:0,ref
FNDA:0,ref
FNDA:0,ref
FNDA:0,ref
FNDA:0,validate
FNDA:0,Profile
FNDA:0,(anonymous_14)
FNDA:0,(anonymous_15)
FNDA:0,setInfo
DA:0,2
DA:1,1
DA:2,1
DA:3,1
DA:5,1
DA:7,1
DA:17,1
DA:26,1
DA:27,0
DA:29,0
DA:33,0
DA:35,0
DA:47,1
DA:49,0
DA:52,0
DA:53,0
DA:67,0
DA:76,0
DA:85,0
DA:94,0
DA:103,0
DA:112,0
DA:123,1
DA:124,0
DA:125,0
DA:128,0
DA:135,1
DA:137,0
DA:169,1
DA:171,0
DA:177,0
DA:178,0
LF:32
LH:12
BRDA:0,1,0,1
BRDA:0,1,1,1
BRDA:0,2,0,2
BRDA:0,2,1,2
BRDA:33,3,0,0
BRDA:33,3,1,0
BRDA:124,4,0,0
BRDA:124,4,1,0
BRF:8
BRH:4
end_of_record
TN:
SF:/Users/Haoyuan/Documents/2nd_Semester/Comp531 Web Dev/assignment5/src/components/article/article.js
FN:0,_interopRequireDefault
FN:6,Article
FNF:2
FNH:1
FNDA:3,_interopRequireDefault
FNDA:0,Article
DA:0,3
DA:1,1
DA:2,1
DA:3,1
DA:6,1
DA:8,0
DA:16,1
LF:7
LH:6
BRDA:0,1,0,2
BRDA:0,1,1,1
BRDA:0,2,0,3
BRDA:0,2,1,3
BRF:4
BRH:4
end_of_record
TN:
SF:/Users/Haoyuan/Documents/2nd_Semester/Comp531 Web Dev/assignment5/src/components/article/articleActions.spec.js
FN:0,_interopRequireDefault
FN:5,(anonymous_2)
FN:8,(anonymous_3)
FN:20,(anonymous_4)
FN:27,(anonymous_5)
FN:36,(anonymous_6)
FN:48,(anonymous_7)
FNF:7
FNH:6
FNDA:2,_interopRequireDefault
FNDA:1,(anonymous_2)
FNDA:2,(anonymous_3)
FNDA:2,(anonymous_4)
FNDA:1,(anonymous_5)
FNDA:0,(anonymous_6)
FNDA:1,(anonymous_7)
DA:0,2
DA:1,1
DA:2,1
DA:3,1
DA:5,1
DA:6,1
DA:8,1
DA:9,2
DA:10,0
DA:11,0
DA:12,0
DA:13,0
DA:14,0
DA:15,0
DA:16,0
DA:20,1
DA:21,2
DA:22,0
DA:23,0
DA:27,1
DA:28,1
DA:34,1
DA:36,1
DA:37,0
DA:38,0
DA:41,0
DA:48,1
LF:27
LH:15
BRDA:0,1,0,0
BRDA:0,1,1,2
BRDA:0,2,0,2
BRDA:0,2,1,2
BRDA:9,3,0,0
BRDA:9,3,1,2
BRDA:21,4,0,0
BRDA:21,4,1,2
BRDA:37,5,0,0
BRDA:37,5,1,0
BRF:10
BRH:6
end_of_record
TN:
SF:/Users/Haoyuan/Documents/2nd_Semester/Comp531 Web Dev/assignment5/src/components/article/articlesView.spec.js
FN:0,_interopRequireDefault
FN:8,(anonymous_2)
FN:12,(anonymous_3)
FN:23,(anonymous_4)
FN:30,(anonymous_5)
FN:34,resumeArticles
FN:34,filterArticles
FN:41,(anonymous_8)
FN:45,resumeArticles
FN:45,filterArticles
FNF:10
FNH:6
FNDA:2,_interopRequireDefault
FNDA:1,(anonymous_2)
FNDA:2,(anonymous_3)
FNDA:2,(anonymous_4)
FNDA:1,(anonymous_5)
FNDA:0,resumeArticles
FNDA:0,filterArticles
FNDA:1,(anonymous_8)
FNDA:0,resumeArticles
FNDA:0,filterArticles
DA:0,2
DA:1,1
DA:2,1
DA:3,1
DA:4,1
DA:5,1
DA:8,1
DA:10,1
DA:12,1
DA:13,2
DA:14,0
DA:15,0
DA:16,0
DA:17,0
DA:18,0
DA:19,0
DA:23,1
DA:24,2
DA:25,0
DA:26,0
DA:30,1
DA:32,1
DA:33,1
DA:34,0
DA:36,1
DA:37,1
DA:41,1
DA:43,1
DA:44,0
DA:45,0
DA:48,0
DA:49,0
LF:32
LH:19
BRDA:0,1,0,0
BRDA:0,1,1,2
BRDA:0,2,0,2
BRDA:0,2,1,2
BRDA:13,3,0,0
BRDA:13,3,1,2
BRDA:24,4,0,0
BRDA:24,4,1,2
BRF:8
BRH:6
end_of_record
TN:
SF:/Users/Haoyuan/Documents/2nd_Semester/Comp531 Web Dev/assignment5/src/components/auth/authActions.spec.js
FN:0,_interopRequireDefault
FN:5,(anonymous_2)
FN:9,(anonymous_3)
FN:22,(anonymous_4)
FN:30,(anonymous_5)
FN:42,(anonymous_6)
FN:55,(anonymous_7)
FN:68,(anonymous_8)
FN:75,(anonymous_9)
FN:84,(anonymous_10)
FNF:10
FNH:7
FNDA:2,_interopRequireDefault
FNDA:1,(anonymous_2)
FNDA:3,(anonymous_3)
FNDA:3,(anonymous_4)
FNDA:1,(anonymous_5)
FNDA:0,(anonymous_6)
FNDA:1,(anonymous_7)
FNDA:0,(anonymous_8)
FNDA:1,(anonymous_9)
FNDA:0,(anonymous_10)
DA:0,2
DA:1,1
DA:2,1
DA:3,1
DA:5,1
DA:7,1
DA:9,1
DA:10,3
DA:11,0
DA:12,0
DA:13,0
DA:14,0
DA:15,0
DA:16,0
DA:17,0
DA:18,0
DA:22,1
DA:23,3
DA:24,0
DA:25,0
DA:30,1
DA:31,1
DA:32,1
DA:34,1
DA:40,1
DA:41,1
DA:43,0
DA:44,0
DA:45,0
DA:46,0
DA:47,0
DA:55,1
DA:57,1
DA:58,1
DA:60,1
DA:67,1
DA:69,0
DA:75,1
DA:77,1
DA:82,1
DA:84,1
DA:85,0
DA:86,0
DA:87,0
LF:44
LH:25
BRDA:0,1,0,0
BRDA:0,1,1,2
BRDA:0,2,0,2
BRDA:0,2,1,2
BRDA:10,3,0,0
BRDA:10,3,1,3
BRDA:23,4,0,0
BRDA:23,4,1,3
BRDA:43,5,0,0
BRDA:43,5,1,0
BRF:10
BRH:6
end_of_record
TN:
SF:/Users/Haoyuan/Documents/2nd_Semester/Comp531 Web Dev/assignment5/src/components/profile/profileActions.spec.js
FN:0,_interopRequireDefault
FN:5,(anonymous_2)
FN:9,(anonymous_3)
FN:21,(anonymous_4)
FN:28,(anonymous_5)
FN:53,(anonymous_6)
FN:63,(anonymous_7)
FNF:7
FNH:6
FNDA:2,_interopRequireDefault
FNDA:1,(anonymous_2)
FNDA:2,(anonymous_3)
FNDA:2,(anonymous_4)
FNDA:1,(anonymous_5)
FNDA:0,(anonymous_6)
FNDA:1,(anonymous_7)
DA:0,2
DA:1,1
DA:2,1
DA:3,1
DA:5,1
DA:7,1
DA:9,1
DA:10,2
DA:11,0
DA:12,0
DA:13,0
DA:14,0
DA:15,0
DA:16,0
DA:17,0
DA:21,1
DA:22,2
DA:23,0
DA:24,0
DA:28,1
DA:30,1
DA:35,1
DA:40,1
DA:45,1
DA:51,1
DA:53,1
DA:54,0
DA:55,0
DA:56,0
DA:57,0
DA:63,1
DA:64,1
DA:67,1
DA:72,1
DA:73,0
LF:35
LH:21
BRDA:0,1,0,0
BRDA:0,1,1,2
BRDA:0,2,0,2
BRDA:0,2,1,2
BRDA:10,3,0,0
BRDA:10,3,1,2
BRDA:22,4,0,0
BRDA:22,4,1,2
BRF:8
BRH:6
end_of_record
TN:
SF:/Users/Haoyuan/Documents/2nd_Semester/Comp531 Web Dev/assignment5/src/reducer.spec.js
FN:0,_interopRequireDefault
FN:5,(anonymous_2)
FN:9,(anonymous_3)
FN:20,(anonymous_4)
FN:27,(anonymous_5)
FN:33,(anonymous_6)
FN:39,(anonymous_7)
FN:45,(anonymous_8)
FN:61,(anonymous_9)
FN:67,(anonymous_10)
FNF:10
FNH:10
FNDA:2,_interopRequireDefault
FNDA:1,(anonymous_2)
FNDA:6,(anonymous_3)
FNDA:6,(anonymous_4)
FNDA:1,(anonymous_5)
FNDA:1,(anonymous_6)
FNDA:1,(anonymous_7)
FNDA:1,(anonymous_8)
FNDA:1,(anonymous_9)
FNDA:1,(anonymous_10)
DA:0,2
DA:1,1
DA:2,1
DA:3,1
DA:5,1
DA:7,1
DA:9,1
DA:10,6
DA:11,0
DA:12,0
DA:13,0
DA:14,0
DA:15,0
DA:16,0
DA:20,1
DA:21,6
DA:22,0
DA:23,0
DA:27,1
DA:28,1
DA:29,0
DA:33,1
DA:34,1
DA:35,0
DA:39,1
DA:40,1
DA:41,0
DA:45,1
DA:46,1
DA:56,1
DA:57,0
DA:61,1
DA:67,1
DA:68,1
DA:80,1
DA:81,0
DA:82,0
LF:37
LH:23
BRDA:0,1,0,0
BRDA:0,1,1,2
BRDA:0,2,0,2
BRDA:0,2,1,2
BRDA:10,3,0,0
BRDA:10,3,1,6
BRDA:21,4,0,0
BRDA:21,4,1,6
BRF:8
BRH:6
end_of_record
TN:
SF:/Users/Haoyuan/Documents/2nd_Semester/Comp531 Web Dev/assignment5/src/reducers.js
FN:0,(anonymous_1)
FN:0,_toConsumableArray
FN:3,Reducer
FN:154,(anonymous_4)
FNF:4
FNH:2
FNDA:0,(anonymous_1)
FNDA:0,_toConsumableArray
FNDA:0,Reducer
FNDA:0,(anonymous_4)
DA:0,1
DA:1,1
DA:3,1
DA:8,0
DA:9,0
DA:12,0
DA:18,0
DA:22,0
DA:32,0
DA:41,0
DA:43,0
DA:48,0
DA:54,0
DA:56,0
DA:61,0
DA:67,0
DA:69,0
DA:74,0
DA:81,0
DA:95,0
DA:105,0
DA:112,0
DA:121,0
DA:135,0
DA:141,0
DA:147,0
DA:153,0
DA:155,0
DA:156,0
DA:158,0
DA:163,0
DA:165,1
LF:32
LH:4
BRDA:0,1,0,1
BRDA:0,1,1,0
BRDA:0,2,0,0
BRDA:0,2,1,0
BRDA:0,3,0,0
BRDA:0,3,1,0
BRDA:3,4,0,0
BRDA:3,4,1,0
BRDA:3,5,0,0
BRDA:3,5,1,0
BRDA:10,6,0,0
BRDA:10,6,1,0
BRDA:10,6,2,0
BRDA:10,6,3,0
BRDA:10,6,4,0
BRDA:10,6,5,0
BRDA:10,6,6,0
BRDA:10,6,7,0
BRDA:10,6,8,0
BRDA:10,6,9,0
BRDA:10,6,10,0
BRDA:10,6,11,0
BRDA:10,6,12,0
BRDA:10,6,13,0
BRDA:10,6,14,0
BRDA:10,6,15,0
BRDA:41,7,0,0
BRDA:41,7,1,0
BRDA:54,8,0,0
BRDA:54,8,1,0
BRDA:67,9,0,0
BRDA:67,9,1,0
BRDA:155,10,0,0
BRDA:155,10,1,0
BRDA:155,11,0,0
BRDA:155,11,1,0
BRF:36
BRH:6
end_of_record
