<?xml version="1.0"?>
<testsuite name="Chrome 56.0.2924 (Mac OS X 10.12.0)" package="" timestamp="2017-03-23T04:05:57" id="0" hostname="userdeMacBook-Pro.local" tests="21" errors="0" failures="0" time="1.66">
  <properties>
    <property name="browser.fullName" value="Mozilla/5.0 (Macintosh; Intel Mac OS X 10_12_0) AppleWebKit/537.36 (KHTML, like Gecko) Chrome/56.0.2924.87 Safari/537.36"/>
  </properties>
  <testcase name="Validate actions  resource should be a resource" time="1.381" classname="Chrome_56_0_2924_(Mac_OS_X_10_12_0).Validate actions "/>
  <testcase name="Validate actions  resource should give he http error" time="0.104" classname="Chrome_56_0_2924_(Mac_OS_X_10_12_0).Validate actions "/>
  <testcase name="Validate actions  resource should be POSTable" time="0.138" classname="Chrome_56_0_2924_(Mac_OS_X_10_12_0).Validate actions "/>
  <testcase name="Validate actions  should update error message (for displaying error mesage to user)" time="0.001" classname="Chrome_56_0_2924_(Mac_OS_X_10_12_0).Validate actions "/>
  <testcase name="Validate actions  should update success message (for displaying success mesage to user)" time="0" classname="Chrome_56_0_2924_(Mac_OS_X_10_12_0).Validate actions "/>
  <testcase name="Validate actions  should navigate (to profile, main, or landing)" time="0" classname="Chrome_56_0_2924_(Mac_OS_X_10_12_0).Validate actions "/>
  <testcase name="Validate Article actions should fetch articles (mocked request)" time="0" classname="Chrome_56_0_2924_(Mac_OS_X_10_12_0).Validate Article actions"/>
  <testcase name="Validate Article actions should update the search keyword" time="0.001" classname="Chrome_56_0_2924_(Mac_OS_X_10_12_0).Validate Article actions"/>
  <testcase name="ArticlesView (component tests) should render articles" time="0.026" classname="Chrome_56_0_2924_(Mac_OS_X_10_12_0).ArticlesView (component tests)"/>
  <testcase name="ArticlesView (component tests) should dispatch actions to create a new article" time="0.001" classname="Chrome_56_0_2924_(Mac_OS_X_10_12_0).ArticlesView (component tests)"/>
  <testcase name="Validate Authentication (involves mocked requests) should log in a user" time="0.001" classname="Chrome_56_0_2924_(Mac_OS_X_10_12_0).Validate Authentication (involves mocked requests)"/>
  <testcase name="Validate Authentication (involves mocked requests) should not log in an invalid user" time="0.001" classname="Chrome_56_0_2924_(Mac_OS_X_10_12_0).Validate Authentication (involves mocked requests)"/>
  <testcase name="Validate Authentication (involves mocked requests) should log out a user (state should be cleared)" time="0.001" classname="Chrome_56_0_2924_(Mac_OS_X_10_12_0).Validate Authentication (involves mocked requests)"/>
  <testcase name="Validate Profile actions (mocked requests) should fetch the user's proile information" time="0.003" classname="Chrome_56_0_2924_(Mac_OS_X_10_12_0).Validate Profile actions (mocked requests)"/>
  <testcase name="Validate Profile actions (mocked requests) should update headline" time="0.001" classname="Chrome_56_0_2924_(Mac_OS_X_10_12_0).Validate Profile actions (mocked requests)"/>
  <testcase name="Validate reducer (no fetch requests here) should initialize state" time="0" classname="Chrome_56_0_2924_(Mac_OS_X_10_12_0).Validate reducer (no fetch requests here)"/>
  <testcase name="Validate reducer (no fetch requests here) should state success (for displaying success message to user)" time="0" classname="Chrome_56_0_2924_(Mac_OS_X_10_12_0).Validate reducer (no fetch requests here)"/>
  <testcase name="Validate reducer (no fetch requests here)  should state error (for displaying error message to user)" time="0" classname="Chrome_56_0_2924_(Mac_OS_X_10_12_0).Validate reducer (no fetch requests here)"/>
  <testcase name="Validate reducer (no fetch requests here) should set the articles" time="0" classname="Chrome_56_0_2924_(Mac_OS_X_10_12_0).Validate reducer (no fetch requests here)"/>
  <testcase name="Validate reducer (no fetch requests here) should set the search keyword" time="0" classname="Chrome_56_0_2924_(Mac_OS_X_10_12_0).Validate reducer (no fetch requests here)"/>
  <testcase name="Validate reducer (no fetch requests here) should filter displayed articles by the search keyword" time="0.001" classname="Chrome_56_0_2924_(Mac_OS_X_10_12_0).Validate reducer (no fetch requests here)"/>
  <system-out>
    <![CDATA[Chrome 56.0.2924 (Mac OS X 10.12.0) ERROR: 'GET headlines Unauthorized'
,Chrome 56.0.2924 (Mac OS X 10.12.0) LOG: 'showcommundefined'

]]>
  </system-out>
  <system-err/>
</testsuite>